<?xml version="1.0" encoding="UTF-8"?>
<!-- Generated by org.testng.reporters.JUnitReportReporter -->
<testsuite skipped="0" hostname="DESKTOP-EGG2D6A" name="dummyTest" tests="2" failures="0" timestamp="2022-03-03T14:55:07 IST" time="0.023" errors="0">
  <testcase name="b" time="0.002" classname="dummyTest"/>
  <system-out/>
  <testcase name="a" time="0.021" classname="dummyTest"/>
  <system-out/>
</testsuite> <!-- dummyTest -->
