<?xml version="1.0" encoding="UTF-8"?>
<!-- Generated by org.testng.reporters.JUnitReportReporter -->
<testsuite skipped="0" hostname="DESKTOP-EGG2D6A" name="homePage.HomePageTest" tests="1" failures="0" timestamp="2022-03-03T17:17:23 IST" time="0.241" errors="0">
  <testcase name="HomePageLoad" time="0.241" classname="homePage.HomePageTest"/>
  <system-out/>
</testsuite> <!-- homePage.HomePageTest -->
